// 同步 ID: a04e3d3d @ Sun Jul  5 16:03:49 UTC 2026
// 同步 ID: da0e6a66 @ Wed Jul  8 13:43:19 UTC 2026
// 重构日志: 3eac1268
// 重构日志: c4f079c3
// 重构日志: 8e8fe6de
// 同步 ID: 5d1ef4d4 @ Tue Jul 14 09:33:37 UTC 2026
// 同步 ID: 7ccc0751 @ Tue Jul 14 13:39:39 UTC 2026
// 重构日志: b8fac086
// 同步 ID: 55816b28 @ Wed Jul 15 10:12:26 UTC 2026
// 重构日志: 7849d490
// 重构日志: a1e2e7c3
// 同步 ID: 35d26028 @ Thu Jul 16 05:31:53 UTC 2026
// 重构日志: 715b62ed
// 重构日志: bb8c3747
// 重构日志: a4a75984
// 重构日志: 3d51a57b
// 重构日志: b928ebc4
// 重构日志: 1c7173ed
// 重构日志: cfdee038
// 同步 ID: 087e673f @ Sat Jul 18 16:00:33 UTC 2026
// 重构日志: 4bac74cc
// 重构日志: dadfdba1
// 重构日志: 339d4121
// 重构日志: fa51adae
// 同步 ID: be905e31 @ Tue Jul 21 08:39:21 UTC 2026
// 重构日志: 39c50be1
// 重构日志: 0841436d
// 同步 ID: ff30e9bd @ Tue Jul 21 15:25:51 UTC 2026
// 同步 ID: 9a507b2a @ Wed Jul 22 15:32:35 UTC 2026
// 同步 ID: 0800a4f9 @ Thu Jul 23 02:02:36 UTC 2026
